This file contains any messages produced by compilers while
running configure, to aid debugging if configure makes a mistake.

It was created by perlex configure 0.1.3, which was
generated by GNU Autoconf 2.69.  Invocation command line was

  $ ./configure 

## --------- ##
## Platform. ##
## --------- ##

hostname = isa7-dhcp-116-231.naist.jp
uname -m = x86_64
uname -r = 12.5.0
uname -s = Darwin
uname -v = Darwin Kernel Version 12.5.0: Mon Jul 29 16:33:49 PDT 2013; root:xnu-2050.48.11~1/RELEASE_X86_64

/usr/bin/uname -p = i386
/bin/uname -X     = unknown

/bin/arch              = unknown
/usr/bin/arch -k       = unknown
/usr/convex/getsysinfo = unknown
/usr/bin/hostinfo      = Mach kernel version:
	 Darwin Kernel Version 12.5.0: Mon Jul 29 16:33:49 PDT 2013; root:xnu-2050.48.11~1/RELEASE_X86_64
Kernel configured for up to 4 processors.
2 processors are physically available.
4 processors are logically available.
Processor type: i486 (Intel 80486)
Processors active: 0 1 2 3
Primary memory available: 4.00 gigabytes
Default processor set: 118 tasks, 749 threads, 4 processors
Load average: 2.34, Mach factor: 2.00
/bin/machine           = unknown
/usr/bin/oslevel       = unknown
/bin/universe          = unknown

PATH: /sw/bin
PATH: /sw/sbin
PATH: /opt/local/bin
PATH: /opt/local/sbin/
PATH: /opt/local/bin
PATH: /opt/local/sbin
PATH: /usr/bin
PATH: /bin
PATH: /usr/sbin
PATH: /sbin
PATH: /usr/local/bin
PATH: /opt/X11/bin
PATH: /usr/texbin
PATH: /Users/mi-ssawa/bin/
PATH: /Applications/MacVim-snapshot-66/
PATH: /usr/X11R6/bin


## ----------- ##
## Core tests. ##
## ----------- ##

configure:1769: checking for a BSD-compatible install
configure:1837: result: /opt/local/bin/ginstall -c
configure:1848: checking whether build environment is sane
configure:1903: result: yes
configure:2054: checking for a thread-safe mkdir -p
configure:2093: result: /opt/local/bin/gmkdir -p
configure:2100: checking for gawk
configure:2130: result: no
configure:2100: checking for mawk
configure:2130: result: no
configure:2100: checking for nawk
configure:2130: result: no
configure:2100: checking for awk
configure:2116: found /usr/bin/awk
configure:2127: result: awk
configure:2138: checking whether make sets $(MAKE)
configure:2160: result: yes
configure:2189: checking whether make supports nested variables
configure:2206: result: yes
configure:2292: checking for perl
configure:2310: found /opt/local/bin/perl
configure:2322: result: /opt/local/bin/perl
configure:2338: checking for iconv
configure:2356: found /sw/bin/iconv
configure:2368: result: /sw/bin/iconv
configure:2402: checking for Alexina tools
configure:2409: result: yes (alexinatoolsdir=/usr/local/share/alexina-tools)
configure:2628: checking that generated files are newer than configure
configure:2634: result: done
configure:2642: creating ./config.status

## ---------------------- ##
## Running config.status. ##
## ---------------------- ##

This file was extended by perlex config.status 0.1.3, which was
generated by GNU Autoconf 2.69.  Invocation command line was

  CONFIG_FILES    = 
  CONFIG_HEADERS  = 
  CONFIG_LINKS    = 
  CONFIG_COMMANDS = 
  $ ./config.status 

on isa7-dhcp-116-231.naist.jp

config.status:749: creating Makefile

## ---------------- ##
## Cache variables. ##
## ---------------- ##

ac_cv_env_build_alias_set=
ac_cv_env_build_alias_value=
ac_cv_env_host_alias_set=
ac_cv_env_host_alias_value=
ac_cv_env_target_alias_set=
ac_cv_env_target_alias_value=
ac_cv_path_ICONV=/sw/bin/iconv
ac_cv_path_PERL=/opt/local/bin/perl
ac_cv_path_install='/opt/local/bin/ginstall -c'
ac_cv_path_mkdir=/opt/local/bin/gmkdir
ac_cv_prog_AWK=awk
ac_cv_prog_make_make_set=yes
am_cv_make_support_nested_variables=yes

## ----------------- ##
## Output variables. ##
## ----------------- ##

ACLOCAL='${SHELL} /Users/kensuke-mi/code/performance_perlex/trunk/missing aclocal-1.13'
AMTAR='$${TAR-tar}'
AM_BACKSLASH='\'
AM_DEFAULT_V='$(AM_DEFAULT_VERBOSITY)'
AM_DEFAULT_VERBOSITY='1'
AM_V='$(V)'
AUTOCONF='${SHELL} /Users/kensuke-mi/code/performance_perlex/trunk/missing autoconf'
AUTOHEADER='${SHELL} /Users/kensuke-mi/code/performance_perlex/trunk/missing autoheader'
AUTOMAKE='${SHELL} /Users/kensuke-mi/code/performance_perlex/trunk/missing automake-1.13'
AWK='awk'
CYGPATH_W='echo'
DEFS='-DPACKAGE_NAME=\"perlex\" -DPACKAGE_TARNAME=\"perlex\" -DPACKAGE_VERSION=\"0.1.3\" -DPACKAGE_STRING=\"perlex\ 0.1.3\" -DPACKAGE_BUGREPORT=\"benoit.sagot@inria.fr\" -DPACKAGE_URL=\"\" -DPACKAGE=\"perlex\" -DVERSION=\"0.1.3\"'
ECHO_C='\c'
ECHO_N=''
ECHO_T=''
ICONV='/sw/bin/iconv'
INCLUDE='include'
INSTALL_DATA='${INSTALL} -m 644'
INSTALL_PROGRAM='${INSTALL}'
INSTALL_SCRIPT='${INSTALL}'
INSTALL_STRIP_PROGRAM='$(install_sh) -c -s'
LIBOBJS=''
LIBS=''
LTLIBOBJS=''
MAKEINFO='${SHELL} /Users/kensuke-mi/code/performance_perlex/trunk/missing makeinfo'
MKDIR_P='/opt/local/bin/gmkdir -p'
PACKAGE='perlex'
PACKAGE_BUGREPORT='benoit.sagot@inria.fr'
PACKAGE_NAME='perlex'
PACKAGE_STRING='perlex 0.1.3'
PACKAGE_TARNAME='perlex'
PACKAGE_URL=''
PACKAGE_VERSION='0.1.3'
PATH_SEPARATOR=':'
PERL='/opt/local/bin/perl'
PERLCC=''
PERLCC_OR_CP='cp -p'
PERLCC_OR_CP_INTERARG=''
SET_MAKE=''
SHELL='/bin/sh'
STRIP=''
VERSION='0.1.3'
alexinatoolsdir='/usr/local/share/alexina-tools'
am__isrc=''
am__leading_dot='.'
am__tar='$${TAR-tar} chof - "$$tardir"'
am__untar='$${TAR-tar} xf -'
bindir='${exec_prefix}/bin'
build_alias=''
datadir='${datarootdir}'
datarootdir='${prefix}/share'
docdir='${datarootdir}/doc/${PACKAGE_TARNAME}'
dvidir='${docdir}'
exec_prefix='${prefix}'
host_alias=''
htmldir='${docdir}'
includedir='${prefix}/include'
infodir='${datarootdir}/info'
install_sh='${SHELL} /Users/kensuke-mi/code/performance_perlex/trunk/install-sh'
libdir='${exec_prefix}/lib'
libexecdir='${exec_prefix}/libexec'
localedir='${datarootdir}/locale'
localstatedir='${prefix}/var'
mandir='${datarootdir}/man'
mkdir_p='$(MKDIR_P)'
oldincludedir='/usr/include'
pdfdir='${docdir}'
prefix='/usr/local'
program_transform_name='s,x,x,'
psdir='${docdir}'
sbindir='${exec_prefix}/sbin'
sharedstatedir='${prefix}/com'
sysconfdir='${prefix}/etc'
target_alias=''

## ----------- ##
## confdefs.h. ##
## ----------- ##

/* confdefs.h */
#define PACKAGE_NAME "perlex"
#define PACKAGE_TARNAME "perlex"
#define PACKAGE_VERSION "0.1.3"
#define PACKAGE_STRING "perlex 0.1.3"
#define PACKAGE_BUGREPORT "benoit.sagot@inria.fr"
#define PACKAGE_URL ""
#define PACKAGE "perlex"
#define VERSION "0.1.3"

configure: exit 0
